d:\sourcetree\space_invaders_project\sdl2-space-invaders-master\debug\vc142.pdb
d:\sourcetree\space_invaders_project\sdl2-space-invaders-master\debug\vc142.idb
d:\sourcetree\space_invaders_project\sdl2-space-invaders-master\debug\stdafx.obj
d:\sourcetree\space_invaders_project\sdl2-space-invaders-master\debug\main.obj
d:\sourcetree\space_invaders_project\sdl2-space-invaders-master\debug\sdl2_space_invaders.exe
d:\sourcetree\space_invaders_project\sdl2-space-invaders-master\debug\sdl2_space_invaders.ilk
d:\sourcetree\space_invaders_project\sdl2-space-invaders-master\debug\sdl2_space_invaders.pdb
d:\sourcetree\space_invaders_project\sdl2-space-invaders-master\debug\resource.res
d:\sourcetree\space_invaders_project\sdl2-space-invaders-master\debug\dc_sdl_game.ilk
d:\sourcetree\space_invaders_project\sdl2-space-invaders-master\debug\vc120.idb
d:\sourcetree\space_invaders_project\sdl2-space-invaders-master\debug\dc_sdl_game.pdb
d:\sourcetree\space_invaders_project\sdl2-space-invaders-master\debug\vc120.pdb
d:\sourcetree\space_invaders_project\sdl2-space-invaders-master\debug\sdl2_spa.28aab1a6.tlog\cl.command.1.tlog
d:\sourcetree\space_invaders_project\sdl2-space-invaders-master\debug\sdl2_spa.28aab1a6.tlog\cl.read.1.tlog
d:\sourcetree\space_invaders_project\sdl2-space-invaders-master\debug\sdl2_spa.28aab1a6.tlog\cl.write.1.tlog
d:\sourcetree\space_invaders_project\sdl2-space-invaders-master\debug\sdl2_spa.28aab1a6.tlog\link.command.1.tlog
d:\sourcetree\space_invaders_project\sdl2-space-invaders-master\debug\sdl2_spa.28aab1a6.tlog\link.read.1.tlog
d:\sourcetree\space_invaders_project\sdl2-space-invaders-master\debug\sdl2_spa.28aab1a6.tlog\link.write.1.tlog
d:\sourcetree\space_invaders_project\sdl2-space-invaders-master\debug\sdl2_spa.28aab1a6.tlog\rc.command.1.tlog
d:\sourcetree\space_invaders_project\sdl2-space-invaders-master\debug\sdl2_spa.28aab1a6.tlog\rc.read.1.tlog
d:\sourcetree\space_invaders_project\sdl2-space-invaders-master\debug\sdl2_spa.28aab1a6.tlog\rc.write.1.tlog
