C:\Program Files (x86)\Microsoft Visual Studio\2019\Community\MSBuild\Microsoft\VC\v160\Microsoft.CppBuild.targets(411,5): warning MSB8028: The intermediate directory (Debug\) contains files shared from another project (DC_SDL_Game.vcxproj, sdl2_space_invaders.vcxproj).  This can lead to incorrect clean and rebuild behavior.
  main.cpp
D:\SourceTree\space_invaders_project\sdl2-space-invaders-master\main.cpp(140): warning C4244: '=': conversion from 'float' to 'int', possible loss of data
D:\SourceTree\space_invaders_project\sdl2-space-invaders-master\main.cpp(141): warning C4244: '=': conversion from 'float' to 'int', possible loss of data
D:\SourceTree\space_invaders_project\sdl2-space-invaders-master\main.cpp(217): warning C4244: '=': conversion from 'int' to 'float', possible loss of data
D:\SourceTree\space_invaders_project\sdl2-space-invaders-master\main.cpp(302): warning C4244: 'argument': conversion from 'int' to 'float', possible loss of data
D:\SourceTree\space_invaders_project\sdl2-space-invaders-master\main.cpp(403): warning C4244: '=': conversion from 'float' to 'int', possible loss of data
D:\SourceTree\space_invaders_project\sdl2-space-invaders-master\main.cpp(404): warning C4244: '=': conversion from 'float' to 'int', possible loss of data
D:\SourceTree\space_invaders_project\sdl2-space-invaders-master\main.cpp(463): warning C4244: '=': conversion from 'float' to 'int', possible loss of data
D:\SourceTree\space_invaders_project\sdl2-space-invaders-master\main.cpp(464): warning C4244: '=': conversion from 'float' to 'int', possible loss of data
D:\SourceTree\space_invaders_project\sdl2-space-invaders-master\main.cpp(537): warning C4244: 'argument': conversion from 'int' to 'float', possible loss of data
D:\SourceTree\space_invaders_project\sdl2-space-invaders-master\main.cpp(557): warning C4244: 'argument': conversion from 'int' to 'float', possible loss of data
D:\SourceTree\space_invaders_project\sdl2-space-invaders-master\main.cpp(573): warning C4244: '=': conversion from 'float' to 'int', possible loss of data
D:\SourceTree\space_invaders_project\sdl2-space-invaders-master\main.cpp(679): warning C4244: 'argument': conversion from 'int' to 'float', possible loss of data
D:\SourceTree\space_invaders_project\sdl2-space-invaders-master\main.cpp(698): warning C4244: 'argument': conversion from 'int' to 'float', possible loss of data
D:\SourceTree\space_invaders_project\sdl2-space-invaders-master\main.cpp(641): warning C4996: 'sprintf': This function or variable may be unsafe. Consider using sprintf_s instead. To disable deprecation, use _CRT_SECURE_NO_WARNINGS. See online help for details.
  C:\Program Files (x86)\Windows Kits\10\Include\10.0.17763.0\ucrt\stdio.h(1774): note: see declaration of 'sprintf'
D:\SourceTree\space_invaders_project\sdl2-space-invaders-master\main.cpp(803): warning C4996: 'sprintf': This function or variable may be unsafe. Consider using sprintf_s instead. To disable deprecation, use _CRT_SECURE_NO_WARNINGS. See online help for details.
  C:\Program Files (x86)\Windows Kits\10\Include\10.0.17763.0\ucrt\stdio.h(1774): note: see declaration of 'sprintf'
  sdl2_space_invaders.vcxproj -> D:\SourceTree\space_invaders_project\sdl2-space-invaders-master\Debug\sdl2_space_invaders.exe
